stdio    D         file_stdio.c:110  file_stdio_fopen                 [   0.00000] opening C:\Users\thall\Desktop\JogoAllegro5\Birigui\mini_game_surf\x64\Debug\allegro5.cfg r
system   D            wsystem.c:819  maybe_parent_dir                 [   0.00000] Also searching C:\Users\thall\Desktop\JogoAllegro5\Birigui\mini_game_surf\x64\
system   D            wsystem.c:874  _al_win_safe_load_library        [   0.00000] PathFindOnPath found: C:\WINDOWS\system32\shcore.dll
system   D            wsystem.c:780  load_library_at_path             [   0.00000] Calling LoadLibrary C:\WINDOWS\system32\shcore.dll
system   I            wsystem.c:783  load_library_at_path             [   0.00000] Loaded C:\WINDOWS\system32\shcore.dll
system   I             system.c:271  al_install_system                [   0.00000] Allegro version: 5.2.7
system   D            wsystem.c:819  maybe_parent_dir                 [   0.00064] Also searching C:\Users\thall\Desktop\JogoAllegro5\Birigui\mini_game_surf\x64\
system   D            wsystem.c:874  _al_win_safe_load_library        [   0.00700] PathFindOnPath found: C:\WINDOWS\system32\d3d9.dll
system   D            wsystem.c:780  load_library_at_path             [   0.00719] Calling LoadLibrary C:\WINDOWS\system32\d3d9.dll
system   I            wsystem.c:783  load_library_at_path             [   0.03201] Loaded C:\WINDOWS\system32\d3d9.dll
d3d      I         d3d_disp.cpp:684  d3d_init_display                 [   0.14532] Render-to-texture: 1
d3d      I         d3d_disp.cpp:1782 d3d_create_display_locked        [   0.14809] faux_fullscreen=0
d3d      D         d3d_disp.cpp:1783 d3d_create_display_locked        [   0.15094] al_display=00000221A9449990
d3d      D         d3d_disp.cpp:1784 d3d_create_display_locked        [   0.15277] al_display->vt=00000221A94497E0
d3d      I d3d_display_formats.cpp:144  _al_d3d_generate_display_format_list [   0.17557] found 288 format combinations
display  D   display_settings.c:212  debug_display_settings           [   0.17901] color: 32 (rgba 8880), depth: 0, stencil: 0, acc: 0000, samples: 0/0
display  D   display_settings.c:527  _al_score_display_settings       [   0.18604] Score is : 897
display  D   display_settings.c:212  debug_display_settings           [   0.20316] color: 32 (rgba 8880), depth: 0, stencil: 0, acc: 0000, samples: 0/0
display  D   display_settings.c:527  _al_score_display_settings       [   0.20595] Score is : 897
display  D   display_settings.c:212  debug_display_settings           [   0.20708] color: 32 (rgba 8880), depth: 0, stencil: 0, acc: 0000, samples: 2/1
display  D   display_settings.c:527  _al_score_display_settings       [   0.20844] Score is : 726
display  D   display_settings.c:212  debug_display_settings           [   0.21125] color: 32 (rgba 8880), depth: 0, stencil: 0, acc: 0000, samples: 3/1
display  D   display_settings.c:527  _al_score_display_settings       [   0.21325] Score is : 721
display  D   display_settings.c:212  debug_display_settings           [   0.21449] color: 32 (rgba 8880), depth: 0, stencil: 0, acc: 0000, samples: 4/1
display  D   display_settings.c:527  _al_score_display_settings       [   0.21541] Score is : 717
display  D   display_settings.c:212  debug_display_settings           [   0.21643] color: 32 (rgba 8880), depth: 0, stencil: 0, acc: 0000, samples: 5/1
display  D   display_settings.c:527  _al_score_display_settings       [   0.21740] Score is : 715
display  D   display_settings.c:212  debug_display_settings           [   0.21829] color: 32 (rgba 8880), depth: 0, stencil: 0, acc: 0000, samples: 6/1
display  D   display_settings.c:527  _al_score_display_settings       [   0.21942] Score is : 714
display  D   display_settings.c:212  debug_display_settings           [   0.21986] color: 32 (rgba 8880), depth: 0, stencil: 0, acc: 0000, samples: 7/1
display  D   display_settings.c:527  _al_score_display_settings       [   0.22116] Score is : 713
display  D   display_settings.c:212  debug_display_settings           [   0.22317] color: 32 (rgba 8880), depth: 0, stencil: 0, acc: 0000, samples: 8/1
display  D   display_settings.c:527  _al_score_display_settings       [   0.22502] Score is : 712
display  D   display_settings.c:212  debug_display_settings           [   0.22558] color: 32 (rgba 8880), depth: 24, stencil: 8, acc: 0000, samples: 0/0
display  D   display_settings.c:527  _al_score_display_settings       [   0.22799] Score is : 897
display  D   display_settings.c:212  debug_display_settings           [   0.22898] color: 32 (rgba 8880), depth: 24, stencil: 8, acc: 0000, samples: 0/0
display  D   display_settings.c:527  _al_score_display_settings       [   0.23013] Score is : 897
display  D   display_settings.c:212  debug_display_settings           [   0.23116] color: 32 (rgba 8880), depth: 24, stencil: 8, acc: 0000, samples: 2/1
display  D   display_settings.c:527  _al_score_display_settings       [   0.23252] Score is : 726
display  D   display_settings.c:212  debug_display_settings           [   0.23401] color: 32 (rgba 8880), depth: 24, stencil: 8, acc: 0000, samples: 3/1
display  D   display_settings.c:527  _al_score_display_settings       [   0.23547] Score is : 721
display  D   display_settings.c:212  debug_display_settings           [   0.23648] color: 32 (rgba 8880), depth: 24, stencil: 8, acc: 0000, samples: 4/1
display  D   display_settings.c:527  _al_score_display_settings       [   0.23757] Score is : 717
display  D   display_settings.c:212  debug_display_settings           [   0.23891] color: 32 (rgba 8880), depth: 24, stencil: 8, acc: 0000, samples: 5/1
display  D   display_settings.c:527  _al_score_display_settings       [   0.24028] Score is : 715
display  D   display_settings.c:212  debug_display_settings           [   0.24203] color: 32 (rgba 8880), depth: 24, stencil: 8, acc: 0000, samples: 6/1
display  D   display_settings.c:527  _al_score_display_settings       [   0.24454] Score is : 714
display  D   display_settings.c:212  debug_display_settings           [   0.24670] color: 32 (rgba 8880), depth: 24, stencil: 8, acc: 0000, samples: 7/1
display  D   display_settings.c:527  _al_score_display_settings       [   0.24815] Score is : 713
display  D   display_settings.c:212  debug_display_settings           [   0.25001] color: 32 (rgba 8880), depth: 24, stencil: 8, acc: 0000, samples: 8/1
display  D   display_settings.c:527  _al_score_display_settings       [   0.25358] Score is : 712
display  D   display_settings.c:212  debug_display_settings           [   0.25482] color: 32 (rgba 8880), depth: 24, stencil: 0, acc: 0000, samples: 0/0
display  D   display_settings.c:527  _al_score_display_settings       [   0.25630] Score is : 897
display  D   display_settings.c:212  debug_display_settings           [   0.25885] color: 32 (rgba 8880), depth: 24, stencil: 0, acc: 0000, samples: 0/0
display  D   display_settings.c:527  _al_score_display_settings       [   0.25999] Score is : 897
display  D   display_settings.c:212  debug_display_settings           [   0.26089] color: 32 (rgba 8880), depth: 24, stencil: 0, acc: 0000, samples: 2/1
display  D   display_settings.c:527  _al_score_display_settings       [   0.26276] Score is : 726
display  D   display_settings.c:212  debug_display_settings           [   0.26477] color: 32 (rgba 8880), depth: 24, stencil: 0, acc: 0000, samples: 3/1
display  D   display_settings.c:527  _al_score_display_settings       [   0.26638] Score is : 721
display  D   display_settings.c:212  debug_display_settings           [   0.26740] color: 32 (rgba 8880), depth: 24, stencil: 0, acc: 0000, samples: 4/1
display  D   display_settings.c:527  _al_score_display_settings       [   0.26816] Score is : 717
display  D   display_settings.c:212  debug_display_settings           [   0.26942] color: 32 (rgba 8880), depth: 24, stencil: 0, acc: 0000, samples: 5/1
display  D   display_settings.c:527  _al_score_display_settings       [   0.27074] Score is : 715
display  D   display_settings.c:212  debug_display_settings           [   0.28686] color: 32 (rgba 8880), depth: 24, stencil: 0, acc: 0000, samples: 6/1
display  D   display_settings.c:527  _al_score_display_settings       [   0.30169] Score is : 714
display  D   display_settings.c:212  debug_display_settings           [   0.32007] color: 32 (rgba 8880), depth: 24, stencil: 0, acc: 0000, samples: 7/1
display  D   display_settings.c:527  _al_score_display_settings       [   0.32243] Score is : 713
display  D   display_settings.c:212  debug_display_settings           [   0.32299] color: 32 (rgba 8880), depth: 24, stencil: 0, acc: 0000, samples: 8/1
display  D   display_settings.c:527  _al_score_display_settings       [   0.32550] Score is : 712
display  D   display_settings.c:212  debug_display_settings           [   0.32754] color: 32 (rgba 8880), depth: 16, stencil: 0, acc: 0000, samples: 0/0
display  D   display_settings.c:527  _al_score_display_settings       [   0.32910] Score is : 897
display  D   display_settings.c:212  debug_display_settings           [   0.33038] color: 32 (rgba 8880), depth: 16, stencil: 0, acc: 0000, samples: 0/0
display  D   display_settings.c:527  _al_score_display_settings       [   0.33152] Score is : 897
display  D   display_settings.c:212  debug_display_settings           [   0.33260] color: 32 (rgba 8880), depth: 16, stencil: 0, acc: 0000, samples: 2/1
display  D   display_settings.c:527  _al_score_display_settings       [   0.33369] Score is : 726
display  D   display_settings.c:212  debug_display_settings           [   0.33480] color: 32 (rgba 8880), depth: 16, stencil: 0, acc: 0000, samples: 3/1
display  D   display_settings.c:527  _al_score_display_settings       [   0.33598] Score is : 721
display  D   display_settings.c:212  debug_display_settings           [   0.33711] color: 32 (rgba 8880), depth: 16, stencil: 0, acc: 0000, samples: 4/1
display  D   display_settings.c:527  _al_score_display_settings       [   0.33827] Score is : 717
display  D   display_settings.c:212  debug_display_settings           [   0.33944] color: 32 (rgba 8880), depth: 16, stencil: 0, acc: 0000, samples: 5/1
display  D   display_settings.c:527  _al_score_display_settings       [   0.34047] Score is : 715
display  D   display_settings.c:212  debug_display_settings           [   0.34075] color: 32 (rgba 8880), depth: 16, stencil: 0, acc: 0000, samples: 6/1
display  D   display_settings.c:527  _al_score_display_settings       [   0.34223] Score is : 714
display  D   display_settings.c:212  debug_display_settings           [   0.34371] color: 32 (rgba 8880), depth: 16, stencil: 0, acc: 0000, samples: 7/1
display  D   display_settings.c:527  _al_score_display_settings       [   0.34419] Score is : 713
display  D   display_settings.c:212  debug_display_settings           [   0.34531] color: 32 (rgba 8880), depth: 16, stencil: 0, acc: 0000, samples: 8/1
display  D   display_settings.c:527  _al_score_display_settings       [   0.34594] Score is : 712
display  D   display_settings.c:212  debug_display_settings           [   0.34681] color: 16 (rgba 5650), depth: 0, stencil: 0, acc: 0000, samples: 0/0
display  D   display_settings.c:527  _al_score_display_settings       [   0.34766] Score is : 897
display  D   display_settings.c:212  debug_display_settings           [   0.34840] color: 16 (rgba 5650), depth: 0, stencil: 0, acc: 0000, samples: 0/0
display  D   display_settings.c:527  _al_score_display_settings       [   0.34911] Score is : 897
display  D   display_settings.c:212  debug_display_settings           [   0.35004] color: 16 (rgba 5650), depth: 0, stencil: 0, acc: 0000, samples: 2/1
display  D   display_settings.c:527  _al_score_display_settings       [   0.35056] Score is : 726
display  D   display_settings.c:212  debug_display_settings           [   0.35164] color: 16 (rgba 5650), depth: 0, stencil: 0, acc: 0000, samples: 3/1
display  D   display_settings.c:527  _al_score_display_settings       [   0.35212] Score is : 721
display  D   display_settings.c:212  debug_display_settings           [   0.35312] color: 16 (rgba 5650), depth: 0, stencil: 0, acc: 0000, samples: 4/1
display  D   display_settings.c:527  _al_score_display_settings       [   0.35394] Score is : 717
display  D   display_settings.c:212  debug_display_settings           [   0.35446] color: 16 (rgba 5650), depth: 0, stencil: 0, acc: 0000, samples: 5/1
display  D   display_settings.c:527  _al_score_display_settings       [   0.35554] Score is : 715
display  D   display_settings.c:212  debug_display_settings           [   0.35601] color: 16 (rgba 5650), depth: 0, stencil: 0, acc: 0000, samples: 6/1
display  D   display_settings.c:527  _al_score_display_settings       [   0.35690] Score is : 714
display  D   display_settings.c:212  debug_display_settings           [   0.35760] color: 16 (rgba 5650), depth: 0, stencil: 0, acc: 0000, samples: 7/1
display  D   display_settings.c:527  _al_score_display_settings       [   0.35959] Score is : 713
display  D   display_settings.c:212  debug_display_settings           [   0.35977] color: 16 (rgba 5650), depth: 0, stencil: 0, acc: 0000, samples: 8/1
display  D   display_settings.c:527  _al_score_display_settings       [   0.35992] Score is : 712
display  D   display_settings.c:212  debug_display_settings           [   0.36005] color: 16 (rgba 5650), depth: 24, stencil: 8, acc: 0000, samples: 0/0
display  D   display_settings.c:527  _al_score_display_settings       [   0.36099] Score is : 897
display  D   display_settings.c:212  debug_display_settings           [   0.36281] color: 16 (rgba 5650), depth: 24, stencil: 8, acc: 0000, samples: 0/0
display  D   display_settings.c:527  _al_score_display_settings       [   0.36319] Score is : 897
display  D   display_settings.c:212  debug_display_settings           [   0.36332] color: 16 (rgba 5650), depth: 24, stencil: 8, acc: 0000, samples: 2/1
display  D   display_settings.c:527  _al_score_display_settings       [   0.36430] Score is : 726
display  D   display_settings.c:212  debug_display_settings           [   0.36501] color: 16 (rgba 5650), depth: 24, stencil: 8, acc: 0000, samples: 3/1
display  D   display_settings.c:527  _al_score_display_settings       [   0.36605] Score is : 721
display  D   display_settings.c:212  debug_display_settings           [   0.36651] color: 16 (rgba 5650), depth: 24, stencil: 8, acc: 0000, samples: 4/1
display  D   display_settings.c:527  _al_score_display_settings       [   0.36768] Score is : 717
display  D   display_settings.c:212  debug_display_settings           [   0.36802] color: 16 (rgba 5650), depth: 24, stencil: 8, acc: 0000, samples: 5/1
display  D   display_settings.c:527  _al_score_display_settings       [   0.36877] Score is : 715
display  D   display_settings.c:212  debug_display_settings           [   0.36990] color: 16 (rgba 5650), depth: 24, stencil: 8, acc: 0000, samples: 6/1
display  D   display_settings.c:527  _al_score_display_settings       [   0.37019] Score is : 714
display  D   display_settings.c:212  debug_display_settings           [   0.37034] color: 16 (rgba 5650), depth: 24, stencil: 8, acc: 0000, samples: 7/1
display  D   display_settings.c:527  _al_score_display_settings       [   0.37137] Score is : 713
display  D   display_settings.c:212  debug_display_settings           [   0.37169] color: 16 (rgba 5650), depth: 24, stencil: 8, acc: 0000, samples: 8/1
display  D   display_settings.c:527  _al_score_display_settings       [   0.37183] Score is : 712
display  D   display_settings.c:212  debug_display_settings           [   0.37266] color: 16 (rgba 5650), depth: 24, stencil: 0, acc: 0000, samples: 0/0
display  D   display_settings.c:527  _al_score_display_settings       [   0.37386] Score is : 897
display  D   display_settings.c:212  debug_display_settings           [   0.37417] color: 16 (rgba 5650), depth: 24, stencil: 0, acc: 0000, samples: 0/0
display  D   display_settings.c:527  _al_score_display_settings       [   0.37444] Score is : 897
display  D   display_settings.c:212  debug_display_settings           [   0.37614] color: 16 (rgba 5650), depth: 24, stencil: 0, acc: 0000, samples: 2/1
display  D   display_settings.c:527  _al_score_display_settings       [   0.37668] Score is : 726
display  D   display_settings.c:212  debug_display_settings           [   0.37733] color: 16 (rgba 5650), depth: 24, stencil: 0, acc: 0000, samples: 3/1
display  D   display_settings.c:527  _al_score_display_settings       [   0.37899] Score is : 721
display  D   display_settings.c:212  debug_display_settings           [   0.37932] color: 16 (rgba 5650), depth: 24, stencil: 0, acc: 0000, samples: 4/1
display  D   display_settings.c:527  _al_score_display_settings       [   0.37948] Score is : 717
display  D   display_settings.c:212  debug_display_settings           [   0.38093] color: 16 (rgba 5650), depth: 24, stencil: 0, acc: 0000, samples: 5/1
display  D   display_settings.c:527  _al_score_display_settings       [   0.38189] Score is : 715
display  D   display_settings.c:212  debug_display_settings           [   0.38226] color: 16 (rgba 5650), depth: 24, stencil: 0, acc: 0000, samples: 6/1
display  D   display_settings.c:527  _al_score_display_settings       [   0.38239] Score is : 714
display  D   display_settings.c:212  debug_display_settings           [   0.38249] color: 16 (rgba 5650), depth: 24, stencil: 0, acc: 0000, samples: 7/1
display  D   display_settings.c:527  _al_score_display_settings       [   0.38259] Score is : 713
display  D   display_settings.c:212  debug_display_settings           [   0.38268] color: 16 (rgba 5650), depth: 24, stencil: 0, acc: 0000, samples: 8/1
display  D   display_settings.c:527  _al_score_display_settings       [   0.38278] Score is : 712
display  D   display_settings.c:212  debug_display_settings           [   0.38287] color: 16 (rgba 5650), depth: 16, stencil: 0, acc: 0000, samples: 0/0
display  D   display_settings.c:527  _al_score_display_settings       [   0.38297] Score is : 897
display  D   display_settings.c:212  debug_display_settings           [   0.38307] color: 16 (rgba 5650), depth: 16, stencil: 0, acc: 0000, samples: 0/0
display  D   display_settings.c:527  _al_score_display_settings       [   0.38317] Score is : 897
display  D   display_settings.c:212  debug_display_settings           [   0.38326] color: 16 (rgba 5650), depth: 16, stencil: 0, acc: 0000, samples: 2/1
display  D   display_settings.c:527  _al_score_display_settings       [   0.38336] Score is : 726
display  D   display_settings.c:212  debug_display_settings           [   0.38345] color: 16 (rgba 5650), depth: 16, stencil: 0, acc: 0000, samples: 3/1
display  D   display_settings.c:527  _al_score_display_settings       [   0.38355] Score is : 721
display  D   display_settings.c:212  debug_display_settings           [   0.38364] color: 16 (rgba 5650), depth: 16, stencil: 0, acc: 0000, samples: 4/1
display  D   display_settings.c:527  _al_score_display_settings       [   0.38375] Score is : 717
display  D   display_settings.c:212  debug_display_settings           [   0.38387] color: 16 (rgba 5650), depth: 16, stencil: 0, acc: 0000, samples: 5/1
display  D   display_settings.c:527  _al_score_display_settings       [   0.38420] Score is : 715
display  D   display_settings.c:212  debug_display_settings           [   0.38618] color: 16 (rgba 5650), depth: 16, stencil: 0, acc: 0000, samples: 6/1
display  D   display_settings.c:527  _al_score_display_settings       [   0.38814] Score is : 714
display  D   display_settings.c:212  debug_display_settings           [   0.38855] color: 16 (rgba 5650), depth: 16, stencil: 0, acc: 0000, samples: 7/1
display  D   display_settings.c:527  _al_score_display_settings       [   0.39116] Score is : 713
display  D   display_settings.c:212  debug_display_settings           [   0.39281] color: 16 (rgba 5650), depth: 16, stencil: 0, acc: 0000, samples: 8/1
display  D   display_settings.c:527  _al_score_display_settings       [   0.39396] Score is : 712
display  D   display_settings.c:212  debug_display_settings           [   0.39500] color: 32 (rgba 8880), depth: 0, stencil: 0, acc: 0000, samples: 0/0
display  D   display_settings.c:398  _al_score_display_settings       [   0.39593] Single Buffer requirement not met.
display  D   display_settings.c:212  debug_display_settings           [   0.39697] color: 32 (rgba 8880), depth: 0, stencil: 0, acc: 0000, samples: 0/0
display  D   display_settings.c:398  _al_score_display_settings       [   0.39806] Single Buffer requirement not met.
display  D   display_settings.c:212  debug_display_settings           [   0.39908] color: 32 (rgba 8880), depth: 0, stencil: 0, acc: 0000, samples: 2/1
display  D   display_settings.c:398  _al_score_display_settings       [   0.40003] Single Buffer requirement not met.
display  D   display_settings.c:212  debug_display_settings           [   0.40098] color: 32 (rgba 8880), depth: 0, stencil: 0, acc: 0000, samples: 3/1
display  D   display_settings.c:398  _al_score_display_settings       [   0.40361] Single Buffer requirement not met.
display  D   display_settings.c:212  debug_display_settings           [   0.40469] color: 32 (rgba 8880), depth: 0, stencil: 0, acc: 0000, samples: 4/1
display  D   display_settings.c:398  _al_score_display_settings       [   0.40635] Single Buffer requirement not met.
display  D   display_settings.c:212  debug_display_settings           [   0.40744] color: 32 (rgba 8880), depth: 0, stencil: 0, acc: 0000, samples: 5/1
display  D   display_settings.c:398  _al_score_display_settings       [   0.40831] Single Buffer requirement not met.
display  D   display_settings.c:212  debug_display_settings           [   0.40877] color: 32 (rgba 8880), depth: 0, stencil: 0, acc: 0000, samples: 6/1
display  D   display_settings.c:398  _al_score_display_settings       [   0.41075] Single Buffer requirement not met.
display  D   display_settings.c:212  debug_display_settings           [   0.41098] color: 32 (rgba 8880), depth: 0, stencil: 0, acc: 0000, samples: 7/1
display  D   display_settings.c:398  _al_score_display_settings       [   0.41114] Single Buffer requirement not met.
display  D   display_settings.c:212  debug_display_settings           [   0.41134] color: 32 (rgba 8880), depth: 0, stencil: 0, acc: 0000, samples: 8/1
display  D   display_settings.c:398  _al_score_display_settings       [   0.41345] Single Buffer requirement not met.
display  D   display_settings.c:212  debug_display_settings           [   0.41372] color: 32 (rgba 8880), depth: 24, stencil: 8, acc: 0000, samples: 0/0
display  D   display_settings.c:398  _al_score_display_settings       [   0.41386] Single Buffer requirement not met.
display  D   display_settings.c:212  debug_display_settings           [   0.41469] color: 32 (rgba 8880), depth: 24, stencil: 8, acc: 0000, samples: 0/0
display  D   display_settings.c:398  _al_score_display_settings       [   0.41579] Single Buffer requirement not met.
display  D   display_settings.c:212  debug_display_settings           [   0.41616] color: 32 (rgba 8880), depth: 24, stencil: 8, acc: 0000, samples: 2/1
display  D   display_settings.c:398  _al_score_display_settings       [   0.41708] Single Buffer requirement not met.
display  D   display_settings.c:212  debug_display_settings           [   0.41762] color: 32 (rgba 8880), depth: 24, stencil: 8, acc: 0000, samples: 3/1
display  D   display_settings.c:398  _al_score_display_settings       [   0.41830] Single Buffer requirement not met.
display  D   display_settings.c:212  debug_display_settings           [   0.41913] color: 32 (rgba 8880), depth: 24, stencil: 8, acc: 0000, samples: 4/1
display  D   display_settings.c:398  _al_score_display_settings       [   0.41999] Single Buffer requirement not met.
display  D   display_settings.c:212  debug_display_settings           [   0.42069] color: 32 (rgba 8880), depth: 24, stencil: 8, acc: 0000, samples: 5/1
display  D   display_settings.c:398  _al_score_display_settings       [   0.42119] Single Buffer requirement not met.
display  D   display_settings.c:212  debug_display_settings           [   0.42349] color: 32 (rgba 8880), depth: 24, stencil: 8, acc: 0000, samples: 6/1
display  D   display_settings.c:398  _al_score_display_settings       [   0.42403] Single Buffer requirement not met.
display  D   display_settings.c:212  debug_display_settings           [   0.42510] color: 32 (rgba 8880), depth: 24, stencil: 8, acc: 0000, samples: 7/1
display  D   display_settings.c:398  _al_score_display_settings       [   0.42545] Single Buffer requirement not met.
display  D   display_settings.c:212  debug_display_settings           [   0.42663] color: 32 (rgba 8880), depth: 24, stencil: 8, acc: 0000, samples: 8/1
display  D   display_settings.c:398  _al_score_display_settings       [   0.42742] Single Buffer requirement not met.
display  D   display_settings.c:212  debug_display_settings           [   0.42786] color: 32 (rgba 8880), depth: 24, stencil: 0, acc: 0000, samples: 0/0
display  D   display_settings.c:398  _al_score_display_settings       [   0.42868] Single Buffer requirement not met.
display  D   display_settings.c:212  debug_display_settings           [   0.42913] color: 32 (rgba 8880), depth: 24, stencil: 0, acc: 0000, samples: 0/0
display  D   display_settings.c:398  _al_score_display_settings       [   0.43009] Single Buffer requirement not met.
display  D   display_settings.c:212  debug_display_settings           [   0.43046] color: 32 (rgba 8880), depth: 24, stencil: 0, acc: 0000, samples: 2/1
display  D   display_settings.c:398  _al_score_display_settings       [   0.43061] Single Buffer requirement not met.
display  D   display_settings.c:212  debug_display_settings           [   0.43194] color: 32 (rgba 8880), depth: 24, stencil: 0, acc: 0000, samples: 3/1
display  D   display_settings.c:398  _al_score_display_settings       [   0.43310] Single Buffer requirement not met.
display  D   display_settings.c:212  debug_display_settings           [   0.43348] color: 32 (rgba 8880), depth: 24, stencil: 0, acc: 0000, samples: 4/1
display  D   display_settings.c:398  _al_score_display_settings       [   0.43469] Single Buffer requirement not met.
display  D   display_settings.c:212  debug_display_settings           [   0.43508] color: 32 (rgba 8880), depth: 24, stencil: 0, acc: 0000, samples: 5/1
display  D   display_settings.c:398  _al_score_display_settings       [   0.43533] Single Buffer requirement not met.
display  D   display_settings.c:212  debug_display_settings           [   0.43670] color: 32 (rgba 8880), depth: 24, stencil: 0, acc: 0000, samples: 6/1
display  D   display_settings.c:398  _al_score_display_settings       [   0.43692] Single Buffer requirement not met.
display  D   display_settings.c:212  debug_display_settings           [   0.43703] color: 32 (rgba 8880), depth: 24, stencil: 0, acc: 0000, samples: 7/1
display  D   display_settings.c:398  _al_score_display_settings       [   0.43716] Single Buffer requirement not met.
display  D   display_settings.c:212  debug_display_settings           [   0.43919] color: 32 (rgba 8880), depth: 24, stencil: 0, acc: 0000, samples: 8/1
display  D   display_settings.c:398  _al_score_display_settings       [   0.44005] Single Buffer requirement not met.
display  D   display_settings.c:212  debug_display_settings           [   0.44058] color: 32 (rgba 8880), depth: 16, stencil: 0, acc: 0000, samples: 0/0
display  D   display_settings.c:398  _al_score_display_settings       [   0.44128] Single Buffer requirement not met.
display  D   display_settings.c:212  debug_display_settings           [   0.44214] color: 32 (rgba 8880), depth: 16, stencil: 0, acc: 0000, samples: 0/0
display  D   display_settings.c:398  _al_score_display_settings       [   0.44266] Single Buffer requirement not met.
display  D   display_settings.c:212  debug_display_settings           [   0.44340] color: 32 (rgba 8880), depth: 16, stencil: 0, acc: 0000, samples: 2/1
display  D   display_settings.c:398  _al_score_display_settings       [   0.44428] Single Buffer requirement not met.
display  D   display_settings.c:212  debug_display_settings           [   0.44503] color: 32 (rgba 8880), depth: 16, stencil: 0, acc: 0000, samples: 3/1
display  D   display_settings.c:398  _al_score_display_settings       [   0.44549] Single Buffer requirement not met.
display  D   display_settings.c:212  debug_display_settings           [   0.44614] color: 32 (rgba 8880), depth: 16, stencil: 0, acc: 0000, samples: 4/1
display  D   display_settings.c:398  _al_score_display_settings       [   0.44651] Single Buffer requirement not met.
display  D   display_settings.c:212  debug_display_settings           [   0.44766] color: 32 (rgba 8880), depth: 16, stencil: 0, acc: 0000, samples: 5/1
display  D   display_settings.c:398  _al_score_display_settings       [   0.44860] Single Buffer requirement not met.
display  D   display_settings.c:212  debug_display_settings           [   0.44905] color: 32 (rgba 8880), depth: 16, stencil: 0, acc: 0000, samples: 6/1
display  D   display_settings.c:398  _al_score_display_settings       [   0.45000] Single Buffer requirement not met.
display  D   display_settings.c:212  debug_display_settings           [   0.45045] color: 32 (rgba 8880), depth: 16, stencil: 0, acc: 0000, samples: 7/1
display  D   display_settings.c:398  _al_score_display_settings       [   0.45147] Single Buffer requirement not met.
display  D   display_settings.c:212  debug_display_settings           [   0.45186] color: 32 (rgba 8880), depth: 16, stencil: 0, acc: 0000, samples: 8/1
display  D   display_settings.c:398  _al_score_display_settings       [   0.45287] Single Buffer requirement not met.
display  D   display_settings.c:212  debug_display_settings           [   0.45323] color: 16 (rgba 5650), depth: 0, stencil: 0, acc: 0000, samples: 0/0
display  D   display_settings.c:398  _al_score_display_settings       [   0.45491] Single Buffer requirement not met.
display  D   display_settings.c:212  debug_display_settings           [   0.45526] color: 16 (rgba 5650), depth: 0, stencil: 0, acc: 0000, samples: 0/0
display  D   display_settings.c:398  _al_score_display_settings       [   0.45700] Single Buffer requirement not met.
display  D   display_settings.c:212  debug_display_settings           [   0.45744] color: 16 (rgba 5650), depth: 0, stencil: 0, acc: 0000, samples: 2/1
display  D   display_settings.c:398  _al_score_display_settings       [   0.45780] Single Buffer requirement not met.
display  D   display_settings.c:212  debug_display_settings           [   0.45893] color: 16 (rgba 5650), depth: 0, stencil: 0, acc: 0000, samples: 3/1
display  D   display_settings.c:398  _al_score_display_settings       [   0.45949] Single Buffer requirement not met.
display  D   display_settings.c:212  debug_display_settings           [   0.45961] color: 16 (rgba 5650), depth: 0, stencil: 0, acc: 0000, samples: 4/1
display  D   display_settings.c:398  _al_score_display_settings       [   0.46022] Single Buffer requirement not met.
display  D   display_settings.c:212  debug_display_settings           [   0.46144] color: 16 (rgba 5650), depth: 0, stencil: 0, acc: 0000, samples: 5/1
display  D   display_settings.c:398  _al_score_display_settings       [   0.46179] Single Buffer requirement not met.
display  D   display_settings.c:212  debug_display_settings           [   0.46195] color: 16 (rgba 5650), depth: 0, stencil: 0, acc: 0000, samples: 6/1
display  D   display_settings.c:398  _al_score_display_settings       [   0.46356] Single Buffer requirement not met.
display  D   display_settings.c:212  debug_display_settings           [   0.46431] color: 16 (rgba 5650), depth: 0, stencil: 0, acc: 0000, samples: 7/1
display  D   display_settings.c:398  _al_score_display_settings       [   0.46480] Single Buffer requirement not met.
display  D   display_settings.c:212  debug_display_settings           [   0.46574] color: 16 (rgba 5650), depth: 0, stencil: 0, acc: 0000, samples: 8/1
display  D   display_settings.c:398  _al_score_display_settings       [   0.46620] Single Buffer requirement not met.
display  D   display_settings.c:212  debug_display_settings           [   0.46707] color: 16 (rgba 5650), depth: 24, stencil: 8, acc: 0000, samples: 0/0
display  D   display_settings.c:398  _al_score_display_settings       [   0.46750] Single Buffer requirement not met.
display  D   display_settings.c:212  debug_display_settings           [   0.46761] color: 16 (rgba 5650), depth: 24, stencil: 8, acc: 0000, samples: 0/0
display  D   display_settings.c:398  _al_score_display_settings       [   0.46933] Single Buffer requirement not met.
display  D   display_settings.c:212  debug_display_settings           [   0.47149] color: 16 (rgba 5650), depth: 24, stencil: 8, acc: 0000, samples: 2/1
display  D   display_settings.c:398  _al_score_display_settings       [   0.47258] Single Buffer requirement not met.
display  D   display_settings.c:212  debug_display_settings           [   0.47301] color: 16 (rgba 5650), depth: 24, stencil: 8, acc: 0000, samples: 3/1
display  D   display_settings.c:398  _al_score_display_settings       [   0.47410] Single Buffer requirement not met.
display  D   display_settings.c:212  debug_display_settings           [   0.47464] color: 16 (rgba 5650), depth: 24, stencil: 8, acc: 0000, samples: 4/1
display  D   display_settings.c:398  _al_score_display_settings       [   0.47548] Single Buffer requirement not met.
display  D   display_settings.c:212  debug_display_settings           [   0.47594] color: 16 (rgba 5650), depth: 24, stencil: 8, acc: 0000, samples: 5/1
display  D   display_settings.c:398  _al_score_display_settings       [   0.47746] Single Buffer requirement not met.
display  D   display_settings.c:212  debug_display_settings           [   0.47852] color: 16 (rgba 5650), depth: 24, stencil: 8, acc: 0000, samples: 6/1
display  D   display_settings.c:398  _al_score_display_settings       [   0.47905] Single Buffer requirement not met.
display  D   display_settings.c:212  debug_display_settings           [   0.48010] color: 16 (rgba 5650), depth: 24, stencil: 8, acc: 0000, samples: 7/1
display  D   display_settings.c:398  _al_score_display_settings       [   0.48029] Single Buffer requirement not met.
display  D   display_settings.c:212  debug_display_settings           [   0.48054] color: 16 (rgba 5650), depth: 24, stencil: 8, acc: 0000, samples: 8/1
display  D   display_settings.c:398  _al_score_display_settings       [   0.48064] Single Buffer requirement not met.
display  D   display_settings.c:212  debug_display_settings           [   0.48072] color: 16 (rgba 5650), depth: 24, stencil: 0, acc: 0000, samples: 0/0
display  D   display_settings.c:398  _al_score_display_settings       [   0.48257] Single Buffer requirement not met.
display  D   display_settings.c:212  debug_display_settings           [   0.48299] color: 16 (rgba 5650), depth: 24, stencil: 0, acc: 0000, samples: 0/0
display  D   display_settings.c:398  _al_score_display_settings       [   0.48368] Single Buffer requirement not met.
display  D   display_settings.c:212  debug_display_settings           [   0.48426] color: 16 (rgba 5650), depth: 24, stencil: 0, acc: 0000, samples: 2/1
display  D   display_settings.c:398  _al_score_display_settings       [   0.48518] Single Buffer requirement not met.
display  D   display_settings.c:212  debug_display_settings           [   0.48863] color: 16 (rgba 5650), depth: 24, stencil: 0, acc: 0000, samples: 3/1
display  D   display_settings.c:398  _al_score_display_settings       [   0.48902] Single Buffer requirement not met.
display  D   display_settings.c:212  debug_display_settings           [   0.48942] color: 16 (rgba 5650), depth: 24, stencil: 0, acc: 0000, samples: 4/1
display  D   display_settings.c:398  _al_score_display_settings       [   0.49052] Single Buffer requirement not met.
display  D   display_settings.c:212  debug_display_settings           [   0.49124] color: 16 (rgba 5650), depth: 24, stencil: 0, acc: 0000, samples: 5/1
display  D   display_settings.c:398  _al_score_display_settings       [   0.49198] Single Buffer requirement not met.
display  D   display_settings.c:212  debug_display_settings           [   0.49329] color: 16 (rgba 5650), depth: 24, stencil: 0, acc: 0000, samples: 6/1
display  D   display_settings.c:398  _al_score_display_settings       [   0.49461] Single Buffer requirement not met.
display  D   display_settings.c:212  debug_display_settings           [   0.49479] color: 16 (rgba 5650), depth: 24, stencil: 0, acc: 0000, samples: 7/1
display  D   display_settings.c:398  _al_score_display_settings       [   0.49506] Single Buffer requirement not met.
display  D   display_settings.c:212  debug_display_settings           [   0.49558] color: 16 (rgba 5650), depth: 24, stencil: 0, acc: 0000, samples: 8/1
display  D   display_settings.c:398  _al_score_display_settings       [   0.49665] Single Buffer requirement not met.
display  D   display_settings.c:212  debug_display_settings           [   0.49778] color: 16 (rgba 5650), depth: 16, stencil: 0, acc: 0000, samples: 0/0
display  D   display_settings.c:398  _al_score_display_settings       [   0.49824] Single Buffer requirement not met.
display  D   display_settings.c:212  debug_display_settings           [   0.49916] color: 16 (rgba 5650), depth: 16, stencil: 0, acc: 0000, samples: 0/0
display  D   display_settings.c:398  _al_score_display_settings       [   0.50079] Single Buffer requirement not met.
display  D   display_settings.c:212  debug_display_settings           [   0.50412] color: 16 (rgba 5650), depth: 16, stencil: 0, acc: 0000, samples: 2/1
display  D   display_settings.c:398  _al_score_display_settings       [   0.50540] Single Buffer requirement not met.
display  D   display_settings.c:212  debug_display_settings           [   0.50597] color: 16 (rgba 5650), depth: 16, stencil: 0, acc: 0000, samples: 3/1
display  D   display_settings.c:398  _al_score_display_settings       [   0.50683] Single Buffer requirement not met.
display  D   display_settings.c:212  debug_display_settings           [   0.50788] color: 16 (rgba 5650), depth: 16, stencil: 0, acc: 0000, samples: 4/1
display  D   display_settings.c:398  _al_score_display_settings       [   0.50804] Single Buffer requirement not met.
display  D   display_settings.c:212  debug_display_settings           [   0.51068] color: 16 (rgba 5650), depth: 16, stencil: 0, acc: 0000, samples: 5/1
display  D   display_settings.c:398  _al_score_display_settings       [   0.51097] Single Buffer requirement not met.
display  D   display_settings.c:212  debug_display_settings           [   0.51107] color: 16 (rgba 5650), depth: 16, stencil: 0, acc: 0000, samples: 6/1
display  D   display_settings.c:398  _al_score_display_settings       [   0.51117] Single Buffer requirement not met.
display  D   display_settings.c:212  debug_display_settings           [   0.51127] color: 16 (rgba 5650), depth: 16, stencil: 0, acc: 0000, samples: 7/1
display  D   display_settings.c:398  _al_score_display_settings       [   0.51148] Single Buffer requirement not met.
display  D   display_settings.c:212  debug_display_settings           [   0.51457] color: 16 (rgba 5650), depth: 16, stencil: 0, acc: 0000, samples: 8/1
display  D   display_settings.c:398  _al_score_display_settings       [   0.51597] Single Buffer requirement not met.
display  D   display_settings.c:212  debug_display_settings           [   0.51640] color: 32 (rgba 8880), depth: 0, stencil: 0, acc: 0000, samples: 0/0
display  D   display_settings.c:527  _al_score_display_settings       [   0.51947] Score is : 769
display  D   display_settings.c:212  debug_display_settings           [   0.52074] color: 32 (rgba 8880), depth: 0, stencil: 0, acc: 0000, samples: 0/0
display  D   display_settings.c:527  _al_score_display_settings       [   0.52177] Score is : 769
display  D   display_settings.c:212  debug_display_settings           [   0.52339] color: 32 (rgba 8880), depth: 0, stencil: 0, acc: 0000, samples: 2/1
display  D   display_settings.c:527  _al_score_display_settings       [   0.52370] Score is : 598
display  D   display_settings.c:212  debug_display_settings           [   0.52500] color: 32 (rgba 8880), depth: 0, stencil: 0, acc: 0000, samples: 3/1
display  D   display_settings.c:527  _al_score_display_settings       [   0.52739] Score is : 593
display  D   display_settings.c:212  debug_display_settings           [   0.52891] color: 32 (rgba 8880), depth: 0, stencil: 0, acc: 0000, samples: 4/1
display  D   display_settings.c:527  _al_score_display_settings       [   0.53028] Score is : 589
display  D   display_settings.c:212  debug_display_settings           [   0.53171] color: 32 (rgba 8880), depth: 0, stencil: 0, acc: 0000, samples: 5/1
display  D   display_settings.c:527  _al_score_display_settings       [   0.53301] Score is : 587
display  D   display_settings.c:212  debug_display_settings           [   0.53519] color: 32 (rgba 8880), depth: 0, stencil: 0, acc: 0000, samples: 6/1
display  D   display_settings.c:527  _al_score_display_settings       [   0.53845] Score is : 586
display  D   display_settings.c:212  debug_display_settings           [   0.54060] color: 32 (rgba 8880), depth: 0, stencil: 0, acc: 0000, samples: 7/1
display  D   display_settings.c:527  _al_score_display_settings       [   0.54299] Score is : 585
display  D   display_settings.c:212  debug_display_settings           [   0.54348] color: 32 (rgba 8880), depth: 0, stencil: 0, acc: 0000, samples: 8/1
display  D   display_settings.c:527  _al_score_display_settings       [   0.54402] Score is : 584
display  D   display_settings.c:212  debug_display_settings           [   0.54570] color: 32 (rgba 8880), depth: 24, stencil: 8, acc: 0000, samples: 0/0
display  D   display_settings.c:527  _al_score_display_settings       [   0.54627] Score is : 769
display  D   display_settings.c:212  debug_display_settings           [   0.54759] color: 32 (rgba 8880), depth: 24, stencil: 8, acc: 0000, samples: 0/0
display  D   display_settings.c:527  _al_score_display_settings       [   0.54880] Score is : 769
display  D   display_settings.c:212  debug_display_settings           [   0.55103] color: 32 (rgba 8880), depth: 24, stencil: 8, acc: 0000, samples: 2/1
display  D   display_settings.c:527  _al_score_display_settings       [   0.55143] Score is : 598
display  D   display_settings.c:212  debug_display_settings           [   0.55154] color: 32 (rgba 8880), depth: 24, stencil: 8, acc: 0000, samples: 3/1
display  D   display_settings.c:527  _al_score_display_settings       [   0.55163] Score is : 593
display  D   display_settings.c:212  debug_display_settings           [   0.55246] color: 32 (rgba 8880), depth: 24, stencil: 8, acc: 0000, samples: 4/1
display  D   display_settings.c:527  _al_score_display_settings       [   0.55409] Score is : 589
display  D   display_settings.c:212  debug_display_settings           [   0.55456] color: 32 (rgba 8880), depth: 24, stencil: 8, acc: 0000, samples: 5/1
display  D   display_settings.c:527  _al_score_display_settings       [   0.55541] Score is : 587
display  D   display_settings.c:212  debug_display_settings           [   0.55608] color: 32 (rgba 8880), depth: 24, stencil: 8, acc: 0000, samples: 6/1
display  D   display_settings.c:527  _al_score_display_settings       [   0.55688] Score is : 586
display  D   display_settings.c:212  debug_display_settings           [   0.55748] color: 32 (rgba 8880), depth: 24, stencil: 8, acc: 0000, samples: 7/1
display  D   display_settings.c:527  _al_score_display_settings       [   0.55819] Score is : 585
display  D   display_settings.c:212  debug_display_settings           [   0.55889] color: 32 (rgba 8880), depth: 24, stencil: 8, acc: 0000, samples: 8/1
display  D   display_settings.c:527  _al_score_display_settings       [   0.55933] Score is : 584
display  D   display_settings.c:212  debug_display_settings           [   0.55974] color: 32 (rgba 8880), depth: 24, stencil: 0, acc: 0000, samples: 0/0
display  D   display_settings.c:527  _al_score_display_settings       [   0.56045] Score is : 769
display  D   display_settings.c:212  debug_display_settings           [   0.56156] color: 32 (rgba 8880), depth: 24, stencil: 0, acc: 0000, samples: 0/0
display  D   display_settings.c:527  _al_score_display_settings       [   0.56211] Score is : 769
display  D   display_settings.c:212  debug_display_settings           [   0.56283] color: 32 (rgba 8880), depth: 24, stencil: 0, acc: 0000, samples: 2/1
display  D   display_settings.c:527  _al_score_display_settings       [   0.56353] Score is : 598
display  D   display_settings.c:212  debug_display_settings           [   0.56438] color: 32 (rgba 8880), depth: 24, stencil: 0, acc: 0000, samples: 3/1
display  D   display_settings.c:527  _al_score_display_settings       [   0.56477] Score is : 593
display  D   display_settings.c:212  debug_display_settings           [   0.56593] color: 32 (rgba 8880), depth: 24, stencil: 0, acc: 0000, samples: 4/1
display  D   display_settings.c:527  _al_score_display_settings       [   0.56665] Score is : 589
display  D   display_settings.c:212  debug_display_settings           [   0.56746] color: 32 (rgba 8880), depth: 24, stencil: 0, acc: 0000, samples: 5/1
display  D   display_settings.c:527  _al_score_display_settings       [   0.56802] Score is : 587
display  D   display_settings.c:212  debug_display_settings           [   0.56892] color: 32 (rgba 8880), depth: 24, stencil: 0, acc: 0000, samples: 6/1
display  D   display_settings.c:527  _al_score_display_settings       [   0.56930] Score is : 586
display  D   display_settings.c:212  debug_display_settings           [   0.57015] color: 32 (rgba 8880), depth: 24, stencil: 0, acc: 0000, samples: 7/1
display  D   display_settings.c:527  _al_score_display_settings       [   0.57092] Score is : 585
display  D   display_settings.c:212  debug_display_settings           [   0.57103] color: 32 (rgba 8880), depth: 24, stencil: 0, acc: 0000, samples: 8/1
display  D   display_settings.c:527  _al_score_display_settings       [   0.57186] Score is : 584
display  D   display_settings.c:212  debug_display_settings           [   0.57327] color: 32 (rgba 8880), depth: 16, stencil: 0, acc: 0000, samples: 0/0
display  D   display_settings.c:527  _al_score_display_settings       [   0.57361] Score is : 769
display  D   display_settings.c:212  debug_display_settings           [   0.57384] color: 32 (rgba 8880), depth: 16, stencil: 0, acc: 0000, samples: 0/0
display  D   display_settings.c:527  _al_score_display_settings       [   0.57438] Score is : 769
display  D   display_settings.c:212  debug_display_settings           [   0.57459] color: 32 (rgba 8880), depth: 16, stencil: 0, acc: 0000, samples: 2/1
display  D   display_settings.c:527  _al_score_display_settings       [   0.57483] Score is : 598
display  D   display_settings.c:212  debug_display_settings           [   0.57524] color: 32 (rgba 8880), depth: 16, stencil: 0, acc: 0000, samples: 3/1
display  D   display_settings.c:527  _al_score_display_settings       [   0.57537] Score is : 593
display  D   display_settings.c:212  debug_display_settings           [   0.57624] color: 32 (rgba 8880), depth: 16, stencil: 0, acc: 0000, samples: 4/1
display  D   display_settings.c:527  _al_score_display_settings       [   0.57679] Score is : 589
display  D   display_settings.c:212  debug_display_settings           [   0.57794] color: 32 (rgba 8880), depth: 16, stencil: 0, acc: 0000, samples: 5/1
display  D   display_settings.c:527  _al_score_display_settings       [   0.57866] Score is : 587
display  D   display_settings.c:212  debug_display_settings           [   0.57890] color: 32 (rgba 8880), depth: 16, stencil: 0, acc: 0000, samples: 6/1
display  D   display_settings.c:527  _al_score_display_settings       [   0.57961] Score is : 586
display  D   display_settings.c:212  debug_display_settings           [   0.58008] color: 32 (rgba 8880), depth: 16, stencil: 0, acc: 0000, samples: 7/1
display  D   display_settings.c:527  _al_score_display_settings       [   0.58202] Score is : 585
display  D   display_settings.c:212  debug_display_settings           [   0.58286] color: 32 (rgba 8880), depth: 16, stencil: 0, acc: 0000, samples: 8/1
display  D   display_settings.c:527  _al_score_display_settings       [   0.58363] Score is : 584
display  D   display_settings.c:212  debug_display_settings           [   0.58403] color: 16 (rgba 5650), depth: 0, stencil: 0, acc: 0000, samples: 0/0
display  D   display_settings.c:527  _al_score_display_settings       [   0.58485] Score is : 769
display  D   display_settings.c:212  debug_display_settings           [   0.58566] color: 16 (rgba 5650), depth: 0, stencil: 0, acc: 0000, samples: 0/0
display  D   display_settings.c:527  _al_score_display_settings       [   0.58714] Score is : 769
display  D   display_settings.c:212  debug_display_settings           [   0.58765] color: 16 (rgba 5650), depth: 0, stencil: 0, acc: 0000, samples: 2/1
display  D   display_settings.c:527  _al_score_display_settings       [   0.59155] Score is : 598
display  D   display_settings.c:212  debug_display_settings           [   0.59207] color: 16 (rgba 5650), depth: 0, stencil: 0, acc: 0000, samples: 3/1
display  D   display_settings.c:527  _al_score_display_settings       [   0.59398] Score is : 593
display  D   display_settings.c:212  debug_display_settings           [   0.59480] color: 16 (rgba 5650), depth: 0, stencil: 0, acc: 0000, samples: 4/1
display  D   display_settings.c:527  _al_score_display_settings       [   0.59676] Score is : 589
display  D   display_settings.c:212  debug_display_settings           [   0.59759] color: 16 (rgba 5650), depth: 0, stencil: 0, acc: 0000, samples: 5/1
display  D   display_settings.c:527  _al_score_display_settings       [   0.59842] Score is : 587
display  D   display_settings.c:212  debug_display_settings           [   0.59925] color: 16 (rgba 5650), depth: 0, stencil: 0, acc: 0000, samples: 6/1
display  D   display_settings.c:527  _al_score_display_settings       [   0.59998] Score is : 586
display  D   display_settings.c:212  debug_display_settings           [   0.60110] color: 16 (rgba 5650), depth: 0, stencil: 0, acc: 0000, samples: 7/1
display  D   display_settings.c:527  _al_score_display_settings       [   0.60156] Score is : 585
display  D   display_settings.c:212  debug_display_settings           [   0.60233] color: 16 (rgba 5650), depth: 0, stencil: 0, acc: 0000, samples: 8/1
display  D   display_settings.c:527  _al_score_display_settings       [   0.60331] Score is : 584
display  D   display_settings.c:212  debug_display_settings           [   0.60373] color: 16 (rgba 5650), depth: 24, stencil: 8, acc: 0000, samples: 0/0
display  D   display_settings.c:527  _al_score_display_settings       [   0.60446] Score is : 769
display  D   display_settings.c:212  debug_display_settings           [   0.60517] color: 16 (rgba 5650), depth: 24, stencil: 8, acc: 0000, samples: 0/0
display  D   display_settings.c:527  _al_score_display_settings       [   0.60583] Score is : 769
display  D   display_settings.c:212  debug_display_settings           [   0.60668] color: 16 (rgba 5650), depth: 24, stencil: 8, acc: 0000, samples: 2/1
display  D   display_settings.c:527  _al_score_display_settings       [   0.60772] Score is : 598
display  D   display_settings.c:212  debug_display_settings           [   0.60811] color: 16 (rgba 5650), depth: 24, stencil: 8, acc: 0000, samples: 3/1
display  D   display_settings.c:527  _al_score_display_settings       [   0.60910] Score is : 593
display  D   display_settings.c:212  debug_display_settings           [   0.61096] color: 16 (rgba 5650), depth: 24, stencil: 8, acc: 0000, samples: 4/1
display  D   display_settings.c:527  _al_score_display_settings       [   0.61137] Score is : 589
display  D   display_settings.c:212  debug_display_settings           [   0.61311] color: 16 (rgba 5650), depth: 24, stencil: 8, acc: 0000, samples: 5/1
display  D   display_settings.c:527  _al_score_display_settings       [   0.61350] Score is : 587
display  D   display_settings.c:212  debug_display_settings           [   0.61370] color: 16 (rgba 5650), depth: 24, stencil: 8, acc: 0000, samples: 6/1
display  D   display_settings.c:527  _al_score_display_settings       [   0.61462] Score is : 586
display  D   display_settings.c:212  debug_display_settings           [   0.61525] color: 16 (rgba 5650), depth: 24, stencil: 8, acc: 0000, samples: 7/1
display  D   display_settings.c:527  _al_score_display_settings       [   0.61567] Score is : 585
display  D   display_settings.c:212  debug_display_settings           [   0.61645] color: 16 (rgba 5650), depth: 24, stencil: 8, acc: 0000, samples: 8/1
display  D   display_settings.c:527  _al_score_display_settings       [   0.61746] Score is : 584
display  D   display_settings.c:212  debug_display_settings           [   0.61809] color: 16 (rgba 5650), depth: 24, stencil: 0, acc: 0000, samples: 0/0
display  D   display_settings.c:527  _al_score_display_settings       [   0.61904] Score is : 769
display  D   display_settings.c:212  debug_display_settings           [   0.61947] color: 16 (rgba 5650), depth: 24, stencil: 0, acc: 0000, samples: 0/0
display  D   display_settings.c:527  _al_score_display_settings       [   0.62030] Score is : 769
display  D   display_settings.c:212  debug_display_settings           [   0.62096] color: 16 (rgba 5650), depth: 24, stencil: 0, acc: 0000, samples: 2/1
display  D   display_settings.c:527  _al_score_display_settings       [   0.62172] Score is : 598
display  D   display_settings.c:212  debug_display_settings           [   0.62273] color: 16 (rgba 5650), depth: 24, stencil: 0, acc: 0000, samples: 3/1
display  D   display_settings.c:527  _al_score_display_settings       [   0.62318] Score is : 593
display  D   display_settings.c:212  debug_display_settings           [   0.62428] color: 16 (rgba 5650), depth: 24, stencil: 0, acc: 0000, samples: 4/1
display  D   display_settings.c:527  _al_score_display_settings       [   0.62467] Score is : 589
display  D   display_settings.c:212  debug_display_settings           [   0.62478] color: 16 (rgba 5650), depth: 24, stencil: 0, acc: 0000, samples: 5/1
display  D   display_settings.c:527  _al_score_display_settings       [   0.62652] Score is : 587
display  D   display_settings.c:212  debug_display_settings           [   0.62701] color: 16 (rgba 5650), depth: 24, stencil: 0, acc: 0000, samples: 6/1
display  D   display_settings.c:527  _al_score_display_settings       [   0.62731] Score is : 586
display  D   display_settings.c:212  debug_display_settings           [   0.62976] color: 16 (rgba 5650), depth: 24, stencil: 0, acc: 0000, samples: 7/1
display  D   display_settings.c:527  _al_score_display_settings       [   0.63139] Score is : 585
display  D   display_settings.c:212  debug_display_settings           [   0.63284] color: 16 (rgba 5650), depth: 24, stencil: 0, acc: 0000, samples: 8/1
display  D   display_settings.c:527  _al_score_display_settings       [   0.63328] Score is : 584
display  D   display_settings.c:212  debug_display_settings           [   0.63397] color: 16 (rgba 5650), depth: 16, stencil: 0, acc: 0000, samples: 0/0
display  D   display_settings.c:527  _al_score_display_settings       [   0.63473] Score is : 769
display  D   display_settings.c:212  debug_display_settings           [   0.63534] color: 16 (rgba 5650), depth: 16, stencil: 0, acc: 0000, samples: 0/0
display  D   display_settings.c:527  _al_score_display_settings       [   0.63681] Score is : 769
display  D   display_settings.c:212  debug_display_settings           [   0.63707] color: 16 (rgba 5650), depth: 16, stencil: 0, acc: 0000, samples: 2/1
display  D   display_settings.c:527  _al_score_display_settings       [   0.63788] Score is : 598
display  D   display_settings.c:212  debug_display_settings           [   0.63862] color: 16 (rgba 5650), depth: 16, stencil: 0, acc: 0000, samples: 3/1
display  D   display_settings.c:527  _al_score_display_settings       [   0.63958] Score is : 593
display  D   display_settings.c:212  debug_display_settings           [   0.63981] color: 16 (rgba 5650), depth: 16, stencil: 0, acc: 0000, samples: 4/1
display  D   display_settings.c:527  _al_score_display_settings       [   0.64009] Score is : 589
display  D   display_settings.c:212  debug_display_settings           [   0.64169] color: 16 (rgba 5650), depth: 16, stencil: 0, acc: 0000, samples: 5/1
display  D   display_settings.c:527  _al_score_display_settings       [   0.64224] Score is : 587
display  D   display_settings.c:212  debug_display_settings           [   0.64460] color: 16 (rgba 5650), depth: 16, stencil: 0, acc: 0000, samples: 6/1
display  D   display_settings.c:527  _al_score_display_settings       [   0.64493] Score is : 586
display  D   display_settings.c:212  debug_display_settings           [   0.64505] color: 16 (rgba 5650), depth: 16, stencil: 0, acc: 0000, samples: 7/1
display  D   display_settings.c:527  _al_score_display_settings       [   0.64514] Score is : 585
display  D   display_settings.c:212  debug_display_settings           [   0.64522] color: 16 (rgba 5650), depth: 16, stencil: 0, acc: 0000, samples: 8/1
display  D   display_settings.c:527  _al_score_display_settings       [   0.64545] Score is : 584
display  D   display_settings.c:212  debug_display_settings           [   0.64624] color: 32 (rgba 8880), depth: 0, stencil: 0, acc: 0000, samples: 0/0
display  D   display_settings.c:398  _al_score_display_settings       [   0.64723] Single Buffer requirement not met.
display  D   display_settings.c:212  debug_display_settings           [   0.64819] color: 32 (rgba 8880), depth: 0, stencil: 0, acc: 0000, samples: 0/0
display  D   display_settings.c:398  _al_score_display_settings       [   0.64888] Single Buffer requirement not met.
display  D   display_settings.c:212  debug_display_settings           [   0.64951] color: 32 (rgba 8880), depth: 0, stencil: 0, acc: 0000, samples: 2/1
display  D   display_settings.c:398  _al_score_display_settings       [   0.64970] Single Buffer requirement not met.
display  D   display_settings.c:212  debug_display_settings           [   0.64991] color: 32 (rgba 8880), depth: 0, stencil: 0, acc: 0000, samples: 3/1
display  D   display_settings.c:398  _al_score_display_settings       [   0.65055] Single Buffer requirement not met.
display  D   display_settings.c:212  debug_display_settings           [   0.65144] color: 32 (rgba 8880), depth: 0, stencil: 0, acc: 0000, samples: 4/1
display  D   display_settings.c:398  _al_score_display_settings       [   0.65252] Single Buffer requirement not met.
display  D   display_settings.c:212  debug_display_settings           [   0.65362] color: 32 (rgba 8880), depth: 0, stencil: 0, acc: 0000, samples: 5/1
display  D   display_settings.c:398  _al_score_display_settings       [   0.65381] Single Buffer requirement not met.
display  D   display_settings.c:212  debug_display_settings           [   0.65393] color: 32 (rgba 8880), depth: 0, stencil: 0, acc: 0000, samples: 6/1
display  D   display_settings.c:398  _al_score_display_settings       [   0.65405] Single Buffer requirement not met.
display  D   display_settings.c:212  debug_display_settings           [   0.65562] color: 32 (rgba 8880), depth: 0, stencil: 0, acc: 0000, samples: 7/1
display  D   display_settings.c:398  _al_score_display_settings       [   0.65601] Single Buffer requirement not met.
display  D   display_settings.c:212  debug_display_settings           [   0.65618] color: 32 (rgba 8880), depth: 0, stencil: 0, acc: 0000, samples: 8/1
display  D   display_settings.c:398  _al_score_display_settings       [   0.65771] Single Buffer requirement not met.
display  D   display_settings.c:212  debug_display_settings           [   0.65818] color: 32 (rgba 8880), depth: 24, stencil: 8, acc: 0000, samples: 0/0
display  D   display_settings.c:398  _al_score_display_settings       [   0.66015] Single Buffer requirement not met.
display  D   display_settings.c:212  debug_display_settings           [   0.66034] color: 32 (rgba 8880), depth: 24, stencil: 8, acc: 0000, samples: 0/0
display  D   display_settings.c:398  _al_score_display_settings       [   0.66044] Single Buffer requirement not met.
display  D   display_settings.c:212  debug_display_settings           [   0.66053] color: 32 (rgba 8880), depth: 24, stencil: 8, acc: 0000, samples: 2/1
display  D   display_settings.c:398  _al_score_display_settings       [   0.66061] Single Buffer requirement not met.
display  D   display_settings.c:212  debug_display_settings           [   0.66103] color: 32 (rgba 8880), depth: 24, stencil: 8, acc: 0000, samples: 3/1
display  D   display_settings.c:398  _al_score_display_settings       [   0.66175] Single Buffer requirement not met.
display  D   display_settings.c:212  debug_display_settings           [   0.66288] color: 32 (rgba 8880), depth: 24, stencil: 8, acc: 0000, samples: 4/1
display  D   display_settings.c:398  _al_score_display_settings       [   0.66368] Single Buffer requirement not met.
display  D   display_settings.c:212  debug_display_settings           [   0.66409] color: 32 (rgba 8880), depth: 24, stencil: 8, acc: 0000, samples: 5/1
display  D   display_settings.c:398  _al_score_display_settings       [   0.66424] Single Buffer requirement not met.
display  D   display_settings.c:212  debug_display_settings           [   0.66433] color: 32 (rgba 8880), depth: 24, stencil: 8, acc: 0000, samples: 6/1
display  D   display_settings.c:398  _al_score_display_settings       [   0.66516] Single Buffer requirement not met.
display  D   display_settings.c:212  debug_display_settings           [   0.66623] color: 32 (rgba 8880), depth: 24, stencil: 8, acc: 0000, samples: 7/1
display  D   display_settings.c:398  _al_score_display_settings       [   0.66690] Single Buffer requirement not met.
display  D   display_settings.c:212  debug_display_settings           [   0.66750] color: 32 (rgba 8880), depth: 24, stencil: 8, acc: 0000, samples: 8/1
display  D   display_settings.c:398  _al_score_display_settings       [   0.66765] Single Buffer requirement not met.
display  D   display_settings.c:212  debug_display_settings           [   0.66840] color: 32 (rgba 8880), depth: 24, stencil: 0, acc: 0000, samples: 0/0
display  D   display_settings.c:398  _al_score_display_settings       [   0.66983] Single Buffer requirement not met.
display  D   display_settings.c:212  debug_display_settings           [   0.67018] color: 32 (rgba 8880), depth: 24, stencil: 0, acc: 0000, samples: 0/0
display  D   display_settings.c:398  _al_score_display_settings       [   0.67032] Single Buffer requirement not met.
display  D   display_settings.c:212  debug_display_settings           [   0.67152] color: 32 (rgba 8880), depth: 24, stencil: 0, acc: 0000, samples: 2/1
display  D   display_settings.c:398  _al_score_display_settings       [   0.67221] Single Buffer requirement not met.
display  D   display_settings.c:212  debug_display_settings           [   0.67300] color: 32 (rgba 8880), depth: 24, stencil: 0, acc: 0000, samples: 3/1
display  D   display_settings.c:398  _al_score_display_settings       [   0.67453] Single Buffer requirement not met.
display  D   display_settings.c:212  debug_display_settings           [   0.67558] color: 32 (rgba 8880), depth: 24, stencil: 0, acc: 0000, samples: 4/1
display  D   display_settings.c:398  _al_score_display_settings       [   0.67661] Single Buffer requirement not met.
display  D   display_settings.c:212  debug_display_settings           [   0.67790] color: 32 (rgba 8880), depth: 24, stencil: 0, acc: 0000, samples: 5/1
display  D   display_settings.c:398  _al_score_display_settings       [   0.67870] Single Buffer requirement not met.
display  D   display_settings.c:212  debug_display_settings           [   0.67909] color: 32 (rgba 8880), depth: 24, stencil: 0, acc: 0000, samples: 6/1
display  D   display_settings.c:398  _al_score_display_settings       [   0.67976] Single Buffer requirement not met.
display  D   display_settings.c:212  debug_display_settings           [   0.68051] color: 32 (rgba 8880), depth: 24, stencil: 0, acc: 0000, samples: 7/1
display  D   display_settings.c:398  _al_score_display_settings       [   0.68148] Single Buffer requirement not met.
display  D   display_settings.c:212  debug_display_settings           [   0.68206] color: 32 (rgba 8880), depth: 24, stencil: 0, acc: 0000, samples: 8/1
display  D   display_settings.c:398  _al_score_display_settings       [   0.68259] Single Buffer requirement not met.
display  D   display_settings.c:212  debug_display_settings           [   0.68319] color: 32 (rgba 8880), depth: 16, stencil: 0, acc: 0000, samples: 0/0
display  D   display_settings.c:398  _al_score_display_settings       [   0.68423] Single Buffer requirement not met.
display  D   display_settings.c:212  debug_display_settings           [   0.68505] color: 32 (rgba 8880), depth: 16, stencil: 0, acc: 0000, samples: 0/0
display  D   display_settings.c:398  _al_score_display_settings       [   0.68597] Single Buffer requirement not met.
display  D   display_settings.c:212  debug_display_settings           [   0.68649] color: 32 (rgba 8880), depth: 16, stencil: 0, acc: 0000, samples: 2/1
display  D   display_settings.c:398  _al_score_display_settings       [   0.68774] Single Buffer requirement not met.
display  D   display_settings.c:212  debug_display_settings           [   0.68883] color: 32 (rgba 8880), depth: 16, stencil: 0, acc: 0000, samples: 3/1
display  D   display_settings.c:398  _al_score_display_settings       [   0.69001] Single Buffer requirement not met.
display  D   display_settings.c:212  debug_display_settings           [   0.69032] color: 32 (rgba 8880), depth: 16, stencil: 0, acc: 0000, samples: 4/1
display  D   display_settings.c:398  _al_score_display_settings       [   0.69052] Single Buffer requirement not met.
display  D   display_settings.c:212  debug_display_settings           [   0.69120] color: 32 (rgba 8880), depth: 16, stencil: 0, acc: 0000, samples: 5/1
display  D   display_settings.c:398  _al_score_display_settings       [   0.69203] Single Buffer requirement not met.
display  D   display_settings.c:212  debug_display_settings           [   0.69249] color: 32 (rgba 8880), depth: 16, stencil: 0, acc: 0000, samples: 6/1
display  D   display_settings.c:398  _al_score_display_settings       [   0.69328] Single Buffer requirement not met.
display  D   display_settings.c:212  debug_display_settings           [   0.69421] color: 32 (rgba 8880), depth: 16, stencil: 0, acc: 0000, samples: 7/1
display  D   display_settings.c:398  _al_score_display_settings       [   0.69470] Single Buffer requirement not met.
display  D   display_settings.c:212  debug_display_settings           [   0.69529] color: 32 (rgba 8880), depth: 16, stencil: 0, acc: 0000, samples: 8/1
display  D   display_settings.c:398  _al_score_display_settings       [   0.69567] Single Buffer requirement not met.
display  D   display_settings.c:212  debug_display_settings           [   0.69643] color: 16 (rgba 5650), depth: 0, stencil: 0, acc: 0000, samples: 0/0
display  D   display_settings.c:398  _al_score_display_settings       [   0.69737] Single Buffer requirement not met.
display  D   display_settings.c:212  debug_display_settings           [   0.69794] color: 16 (rgba 5650), depth: 0, stencil: 0, acc: 0000, samples: 0/0
display  D   display_settings.c:398  _al_score_display_settings       [   0.69880] Single Buffer requirement not met.
display  D   display_settings.c:212  debug_display_settings           [   0.69936] color: 16 (rgba 5650), depth: 0, stencil: 0, acc: 0000, samples: 2/1
display  D   display_settings.c:398  _al_score_display_settings       [   0.69980] Single Buffer requirement not met.
display  D   display_settings.c:212  debug_display_settings           [   0.70086] color: 16 (rgba 5650), depth: 0, stencil: 0, acc: 0000, samples: 3/1
display  D   display_settings.c:398  _al_score_display_settings       [   0.70184] Single Buffer requirement not met.
display  D   display_settings.c:212  debug_display_settings           [   0.70226] color: 16 (rgba 5650), depth: 0, stencil: 0, acc: 0000, samples: 4/1
display  D   display_settings.c:398  _al_score_display_settings       [   0.70311] Single Buffer requirement not met.
display  D   display_settings.c:212  debug_display_settings           [   0.70353] color: 16 (rgba 5650), depth: 0, stencil: 0, acc: 0000, samples: 5/1
display  D   display_settings.c:398  _al_score_display_settings       [   0.70457] Single Buffer requirement not met.
display  D   display_settings.c:212  debug_display_settings           [   0.70500] color: 16 (rgba 5650), depth: 0, stencil: 0, acc: 0000, samples: 6/1
display  D   display_settings.c:398  _al_score_display_settings       [   0.70668] Single Buffer requirement not met.
display  D   display_settings.c:212  debug_display_settings           [   0.70684] color: 16 (rgba 5650), depth: 0, stencil: 0, acc: 0000, samples: 7/1
display  D   display_settings.c:398  _al_score_display_settings       [   0.70758] Single Buffer requirement not met.
display  D   display_settings.c:212  debug_display_settings           [   0.70890] color: 16 (rgba 5650), depth: 0, stencil: 0, acc: 0000, samples: 8/1
display  D   display_settings.c:398  _al_score_display_settings       [   0.70921] Single Buffer requirement not met.
display  D   display_settings.c:212  debug_display_settings           [   0.71001] color: 16 (rgba 5650), depth: 24, stencil: 8, acc: 0000, samples: 0/0
display  D   display_settings.c:398  _al_score_display_settings       [   0.71057] Single Buffer requirement not met.
display  D   display_settings.c:212  debug_display_settings           [   0.71114] color: 16 (rgba 5650), depth: 24, stencil: 8, acc: 0000, samples: 0/0
display  D   display_settings.c:398  _al_score_display_settings       [   0.71159] Single Buffer requirement not met.
display  D   display_settings.c:212  debug_display_settings           [   0.71208] color: 16 (rgba 5650), depth: 24, stencil: 8, acc: 0000, samples: 2/1
display  D   display_settings.c:398  _al_score_display_settings       [   0.71250] Single Buffer requirement not met.
display  D   display_settings.c:212  debug_display_settings           [   0.71337] color: 16 (rgba 5650), depth: 24, stencil: 8, acc: 0000, samples: 3/1
display  D   display_settings.c:398  _al_score_display_settings       [   0.71392] Single Buffer requirement not met.
display  D   display_settings.c:212  debug_display_settings           [   0.71481] color: 16 (rgba 5650), depth: 24, stencil: 8, acc: 0000, samples: 4/1
display  D   display_settings.c:398  _al_score_display_settings       [   0.71598] Single Buffer requirement not met.
display  D   display_settings.c:212  debug_display_settings           [   0.71623] color: 16 (rgba 5650), depth: 24, stencil: 8, acc: 0000, samples: 5/1
display  D   display_settings.c:398  _al_score_display_settings       [   0.71636] Single Buffer requirement not met.
display  D   display_settings.c:212  debug_display_settings           [   0.71646] color: 16 (rgba 5650), depth: 24, stencil: 8, acc: 0000, samples: 6/1
display  D   display_settings.c:398  _al_score_display_settings       [   0.71740] Single Buffer requirement not met.
display  D   display_settings.c:212  debug_display_settings           [   0.71881] color: 16 (rgba 5650), depth: 24, stencil: 8, acc: 0000, samples: 7/1
display  D   display_settings.c:398  _al_score_display_settings       [   0.71928] Single Buffer requirement not met.
display  D   display_settings.c:212  debug_display_settings           [   0.72027] color: 16 (rgba 5650), depth: 24, stencil: 8, acc: 0000, samples: 8/1
display  D   display_settings.c:398  _al_score_display_settings       [   0.72071] Single Buffer requirement not met.
display  D   display_settings.c:212  debug_display_settings           [   0.72180] color: 16 (rgba 5650), depth: 24, stencil: 0, acc: 0000, samples: 0/0
display  D   display_settings.c:398  _al_score_display_settings       [   0.72504] Single Buffer requirement not met.
display  D   display_settings.c:212  debug_display_settings           [   0.72544] color: 16 (rgba 5650), depth: 24, stencil: 0, acc: 0000, samples: 0/0
display  D   display_settings.c:398  _al_score_display_settings       [   0.72682] Single Buffer requirement not met.
display  D   display_settings.c:212  debug_display_settings           [   0.72744] color: 16 (rgba 5650), depth: 24, stencil: 0, acc: 0000, samples: 2/1
display  D   display_settings.c:398  _al_score_display_settings       [   0.72814] Single Buffer requirement not met.
display  D   display_settings.c:212  debug_display_settings           [   0.72874] color: 16 (rgba 5650), depth: 24, stencil: 0, acc: 0000, samples: 3/1
display  D   display_settings.c:398  _al_score_display_settings       [   0.72908] Single Buffer requirement not met.
display  D   display_settings.c:212  debug_display_settings           [   0.72964] color: 16 (rgba 5650), depth: 24, stencil: 0, acc: 0000, samples: 4/1
display  D   display_settings.c:398  _al_score_display_settings       [   0.73032] Single Buffer requirement not met.
display  D   display_settings.c:212  debug_display_settings           [   0.73106] color: 16 (rgba 5650), depth: 24, stencil: 0, acc: 0000, samples: 5/1
display  D   display_settings.c:398  _al_score_display_settings       [   0.73227] Single Buffer requirement not met.
display  D   display_settings.c:212  debug_display_settings           [   0.73247] color: 16 (rgba 5650), depth: 24, stencil: 0, acc: 0000, samples: 6/1
display  D   display_settings.c:398  _al_score_display_settings       [   0.73261] Single Buffer requirement not met.
display  D   display_settings.c:212  debug_display_settings           [   0.73272] color: 16 (rgba 5650), depth: 24, stencil: 0, acc: 0000, samples: 7/1
display  D   display_settings.c:398  _al_score_display_settings       [   0.73341] Single Buffer requirement not met.
display  D   display_settings.c:212  debug_display_settings           [   0.73459] color: 16 (rgba 5650), depth: 24, stencil: 0, acc: 0000, samples: 8/1
display  D   display_settings.c:398  _al_score_display_settings       [   0.73481] Single Buffer requirement not met.
display  D   display_settings.c:212  debug_display_settings           [   0.73491] color: 16 (rgba 5650), depth: 16, stencil: 0, acc: 0000, samples: 0/0
display  D   display_settings.c:398  _al_score_display_settings       [   0.73501] Single Buffer requirement not met.
display  D   display_settings.c:212  debug_display_settings           [   0.73510] color: 16 (rgba 5650), depth: 16, stencil: 0, acc: 0000, samples: 0/0
display  D   display_settings.c:398  _al_score_display_settings       [   0.73684] Single Buffer requirement not met.
display  D   display_settings.c:212  debug_display_settings           [   0.73724] color: 16 (rgba 5650), depth: 16, stencil: 0, acc: 0000, samples: 2/1
display  D   display_settings.c:398  _al_score_display_settings       [   0.73881] Single Buffer requirement not met.
display  D   display_settings.c:212  debug_display_settings           [   0.73933] color: 16 (rgba 5650), depth: 16, stencil: 0, acc: 0000, samples: 3/1
display  D   display_settings.c:398  _al_score_display_settings       [   0.74000] Single Buffer requirement not met.
display  D   display_settings.c:212  debug_display_settings           [   0.74081] color: 16 (rgba 5650), depth: 16, stencil: 0, acc: 0000, samples: 4/1
display  D   display_settings.c:398  _al_score_display_settings       [   0.74157] Single Buffer requirement not met.
display  D   display_settings.c:212  debug_display_settings           [   0.74236] color: 16 (rgba 5650), depth: 16, stencil: 0, acc: 0000, samples: 5/1
display  D   display_settings.c:398  _al_score_display_settings       [   0.74292] Single Buffer requirement not met.
display  D   display_settings.c:212  debug_display_settings           [   0.74403] color: 16 (rgba 5650), depth: 16, stencil: 0, acc: 0000, samples: 6/1
display  D   display_settings.c:398  _al_score_display_settings       [   0.74449] Single Buffer requirement not met.
display  D   display_settings.c:212  debug_display_settings           [   0.74543] color: 16 (rgba 5650), depth: 16, stencil: 0, acc: 0000, samples: 7/1
display  D   display_settings.c:398  _al_score_display_settings       [   0.74607] Single Buffer requirement not met.
display  D   display_settings.c:212  debug_display_settings           [   0.74813] color: 16 (rgba 5650), depth: 16, stencil: 0, acc: 0000, samples: 8/1
display  D   display_settings.c:398  _al_score_display_settings       [   0.74832] Single Buffer requirement not met.
d3d      D         d3d_disp.cpp:1682 d3d_create_display_internals     [   0.74861] Trying format 0.
d3d      I         d3d_disp.cpp:1358 d3d_display_thread_proc          [   0.75186] Chose a display format: 23
d3d      I         d3d_disp.cpp:1427 d3d_display_thread_proc          [   0.75214] Normal window.
d3d      I         d3d_disp.cpp:791  d3d_create_device                [   0.83788] Using no depth stencil buffer
d3d      D         d3d_disp.cpp:853  d3d_create_device                [   0.93350] BeginScene succeeded in create_device
d3d      D         d3d_disp.cpp:861  d3d_create_device                [   0.93375] Success
d3d      D         d3d_disp.cpp:1705 d3d_create_display_internals     [   0.93399] Resumed after wait.
d3d      I         d3d_disp.cpp:1738 d3d_create_display_internals     [   0.93430] Format 0 succeeded.
d3d      D         d3d_disp.cpp:1769 d3d_create_display_internals     [   0.93449] Returning d3d_display: 00000221A9449990
d3d      D         d3d_disp.cpp:1794 d3d_create_display_locked        [   0.93467] al_display=00000221A9449990
d3d      D         d3d_disp.cpp:1795 d3d_create_display_locked        [   0.93486] al_display->vt=00000221A94497E0
system   D            wsystem.c:819  maybe_parent_dir                 [   0.93549] Also searching C:\Users\thall\Desktop\JogoAllegro5\Birigui\mini_game_surf\x64\
system   D            wsystem.c:874  _al_win_safe_load_library        [   0.93633] PathFindOnPath found: C:\WINDOWS\system32\d3dx9_43.dll
system   D            wsystem.c:780  load_library_at_path             [   0.93660] Calling LoadLibrary C:\WINDOWS\system32\d3dx9_43.dll
system   I            wsystem.c:783  load_library_at_path             [   0.95799] Loaded C:\WINDOWS\system32\d3dx9_43.dll
d3dx9    I        d3d_d3dx9.cpp:88   _imp_load_d3dx9_module_version   [   0.95829] Module "d3dx9_43.dll" loaded.
stdio    D         file_stdio.c:110  file_stdio_fopen                 [   0.95884] opening ceu.jpg rb
stdio    D         file_stdio.c:110  file_stdio_fopen                 [   0.95961] opening ceu.jpg rb
d3d      D         d3d_disp.cpp:1202 real_choose_bitmap_format        [   0.96139] Fake format
d3d      D         d3d_disp.cpp:1202 real_choose_bitmap_format        [   0.96163] Fake format
d3d      D         d3d_disp.cpp:1202 real_choose_bitmap_format        [   0.96178] Fake format
d3d      D         d3d_disp.cpp:1202 real_choose_bitmap_format        [   0.96198] Fake format
d3d      D         d3d_disp.cpp:1202 real_choose_bitmap_format        [   0.96226] Fake format
d3d      D         d3d_disp.cpp:1202 real_choose_bitmap_format        [   0.96243] Fake format
d3d      D         d3d_disp.cpp:1202 real_choose_bitmap_format        [   0.96256] Fake format
d3d      D         d3d_disp.cpp:1202 real_choose_bitmap_format        [   0.96266] Fake format
d3d      D         d3d_disp.cpp:1202 real_choose_bitmap_format        [   0.96275] Fake format
d3d      D         d3d_disp.cpp:1210 real_choose_bitmap_format        [   0.96285] Alpha doesn't match
d3d      D         d3d_disp.cpp:1217 real_choose_bitmap_format        [   0.96296] Adapter format is 23
d3d      D         d3d_disp.cpp:1220 real_choose_bitmap_format        [   0.96305] Found a format
d3d      I         d3d_disp.cpp:2391 d3d_create_bitmap                [   0.96327] Chose bitmap format 9
dtor     D               dtor.c:196  _al_register_destructor          [   0.97113] added dtor for bitmap 00000221ACEB8680, func 00007FFDD42C1186
dtor     D               dtor.c:196  _al_register_destructor          [   1.05328] added dtor for queue 00000221ACE1BCC0, func 00007FFDD42C1C21
dtor     D               dtor.c:196  _al_register_destructor          [   1.05370] added dtor for timer 00000221A9469180, func 00007FFDD42C104B
d3d      D          d3d_bmp.cpp:539  _al_d3d_sync_bitmap              [   1.11173] _al_d3d_sync_bitmap (system) ref count == 1
d3d      D          d3d_bmp.cpp:545  _al_d3d_sync_bitmap              [   1.11228] _al_d3d_sync_bitmap (video) ref count == 1
dtor     D               dtor.c:227  _al_unregister_destructor        [   2.78654] removed dtor for bitmap 00000221ACEB8680
dtor     D               dtor.c:227  _al_unregister_destructor        [   2.79167] removed dtor for timer 00000221A9469180
d3d      I         d3d_disp.cpp:915  d3d_destroy_display              [   2.79192] destroying display 00000221A9449990 (current 0000000000000000)
d3d      D         d3d_disp.cpp:899  d3d_destroy_display_internals    [   2.79381] waiting for display 00000221A9449990's thread to end
d3d      W         d3d_disp.cpp:608  d3d_destroy_device               [   2.80380] d3d_destroy_device: ref count not 0
d3d      W         d3d_disp.cpp:608  d3d_destroy_device               [   2.80536] d3d_destroy_device: ref count not 0
d3d      I         d3d_disp.cpp:1562 d3d_display_thread_proc          [   2.83748] d3d display thread exits
dtor     D               dtor.c:227  _al_unregister_destructor        [   2.83829] removed dtor for queue 00000221ACE1BCC0
